<?xml version="1.0" encoding="UTF-8"?>
<!-- Generated by org.testng.reporters.JUnitReportReporter -->
<testsuite skipped="0" hostname="Sumit-PC"
	name="com.edureka.tentng.UserModule" tests="3" failures="0"
	timestamp="17 Mar 2020 04:00:21 GMT" time="0.015" errors="0">
	<testcase name="deleteUser" time="0.000"
		classname="com.edureka.tentng.UserModule" />
	<testcase name="editUser" time="0.015" classname="com.edureka.tentng.UserModule" />
	<testcase name="createUser" time="0.000"
		classname="com.edureka.tentng.UserModule" />
</testsuite> <!-- com.edureka.tentng.UserModule -->
